=========================================================
 ECE 569 - HW4 Asymptotic Scaling Profiling
=========================================================
--- Step 1: Generating datasets (~1 GB, temporary) ---
--- Step 2: Running benchmarks ---
  V0  Dataset 11
  V0  Dataset 12
  V0  Dataset 13
  V0  Dataset 14
  V0  Dataset 6
  V0  Dataset 8
  V0  Dataset 9
  V0  Dataset 10
  V1  Dataset 11
  V1  Dataset 12
  V1  Dataset 13
  V1  Dataset 14
  V1  Dataset 6
  V1  Dataset 8
  V1  Dataset 9
  V1  Dataset 10
  V2  Dataset 11
  V2  Dataset 12
  V2  Dataset 13
  V2  Dataset 14
  V2  Dataset 6
  V2  Dataset 8
  V2  Dataset 9
  V2  Dataset 10
