This is pdfTeX, Version 3.141592653-2.6-1.40.29 (TeX Live 2026) (preloaded format=pdflatex 2026.3.2)  3 APR 2026 13:31
entering extended mode
 restricted \write18 enabled.
 file:line:error style messages enabled.
 %&-line parsing enabled.
**c:/Users/ual-laptop/Documents/HPC-GPU/ece569/labs/hw4/report/hw4_report
(c:/Users/ual-laptop/Documents/HPC-GPU/ece569/labs/hw4/report/hw4_report.tex
LaTeX2e <2025-11-01>
L3 programming layer <2026-01-19>
(c:/Users/ual-laptop/scoop/apps/tinytex/current/texmf-dist/tex/latex/base/article.cls
Document Class: article 2025/01/22 v1.4n Standard LaTeX document class
(c:/Users/ual-laptop/scoop/apps/tinytex/current/texmf-dist/tex/latex/base/size11.clo
File: size11.clo 2025/01/22 v1.4n Standard LaTeX file (size option)
)
\c@part=\count275
\c@section=\count276
\c@subsection=\count277
\c@subsubsection=\count278
\c@paragraph=\count279
\c@subparagraph=\count280
\c@figure=\count281
\c@table=\count282
\abovecaptionskip=\skip49
\belowcaptionskip=\skip50
\bibindent=\dimen148
) (c:/Users/ual-laptop/scoop/apps/tinytex/current/texmf-dist/tex/latex/geometry/geometry.sty
Package: geometry 2020/01/02 v5.9 Page Geometry
 (c:/Users/ual-laptop/scoop/apps/tinytex/current/texmf-dist/tex/latex/graphics/keyval.sty
Package: keyval 2022/05/29 v1.15 key=value parser (DPC)
\KV@toks@=\toks17
) (c:/Users/ual-laptop/scoop/apps/tinytex/current/texmf-dist/tex/generic/iftex/ifvtex.sty
Package: ifvtex 2019/10/25 v1.7 ifvtex legacy package. Use iftex instead.
 (c:/Users/ual-laptop/scoop/apps/tinytex/current/texmf-dist/tex/generic/iftex/iftex.sty
Package: iftex 2024/12/12 v1.0g TeX engine tests
))
\Gm@cnth=\count283
\Gm@cntv=\count284
\c@Gm@tempcnt=\count285
\Gm@bindingoffset=\dimen149
\Gm@wd@mp=\dimen150
\Gm@odd@mp=\dimen151
\Gm@even@mp=\dimen152
\Gm@layoutwidth=\dimen153
\Gm@layoutheight=\dimen154
\Gm@layouthoffset=\dimen155
\Gm@layoutvoffset=\dimen156
\Gm@dimlist=\toks18
) (c:/Users/ual-laptop/scoop/apps/tinytex/current/texmf-dist/tex/latex/booktabs/booktabs.sty
Package: booktabs 2020/01/12 v1.61803398 Publication quality tables
\heavyrulewidth=\dimen157
\lightrulewidth=\dimen158
\cmidrulewidth=\dimen159
\belowrulesep=\dimen160
\belowbottomsep=\dimen161
\aboverulesep=\dimen162
\abovetopsep=\dimen163
\cmidrulesep=\dimen164
\cmidrulekern=\dimen165
\defaultaddspace=\dimen166
\@cmidla=\count286
\@cmidlb=\count287
\@aboverulesep=\dimen167
\@belowrulesep=\dimen168
\@thisruleclass=\count288
\@lastruleclass=\count289
\@thisrulewidth=\dimen169
) (c:/Users/ual-laptop/scoop/apps/tinytex/current/texmf-dist/tex/latex/tools/array.sty
Package: array 2025/09/25 v2.6n Tabular extension package (FMi)
\col@sep=\dimen170
\ar@mcellbox=\box53
\extrarowheight=\dimen171
\NC@list=\toks19
\extratabsurround=\skip51
\backup@length=\skip52
\ar@cellbox=\box54
) (c:/Users/ual-laptop/scoop/apps/tinytex/current/texmf-dist/tex/latex/amsmath/amsmath.sty
Package: amsmath 2025/07/09 v2.17z AMS math features
\@mathmargin=\skip53

For additional information on amsmath, use the `?' option.
(c:/Users/ual-laptop/scoop/apps/tinytex/current/texmf-dist/tex/latex/amsmath/amstext.sty
Package: amstext 2024/11/17 v2.01 AMS text
 (c:/Users/ual-laptop/scoop/apps/tinytex/current/texmf-dist/tex/latex/amsmath/amsgen.sty
File: amsgen.sty 1999/11/30 v2.0 generic functions
\@emptytoks=\toks20
\ex@=\dimen172
)) (c:/Users/ual-laptop/scoop/apps/tinytex/current/texmf-dist/tex/latex/amsmath/amsbsy.sty
Package: amsbsy 1999/11/29 v1.2d Bold Symbols
\pmbraise@=\dimen173
) (c:/Users/ual-laptop/scoop/apps/tinytex/current/texmf-dist/tex/latex/amsmath/amsopn.sty
Package: amsopn 2022/04/08 v2.04 operator names
)
\inf@bad=\count290
LaTeX Info: Redefining \frac on input line 233.
\uproot@=\count291
\leftroot@=\count292
LaTeX Info: Redefining \overline on input line 398.
LaTeX Info: Redefining \colon on input line 409.
\classnum@=\count293
\DOTSCASE@=\count294
LaTeX Info: Redefining \ldots on input line 495.
LaTeX Info: Redefining \dots on input line 498.
LaTeX Info: Redefining \cdots on input line 619.
\Mathstrutbox@=\box55
\strutbox@=\box56
LaTeX Info: Redefining \big on input line 721.
LaTeX Info: Redefining \Big on input line 722.
LaTeX Info: Redefining \bigg on input line 723.
LaTeX Info: Redefining \Bigg on input line 724.
\big@size=\dimen174
LaTeX Font Info:    Redeclaring font encoding OML on input line 742.
LaTeX Font Info:    Redeclaring font encoding OMS on input line 743.
\macc@depth=\count295
LaTeX Info: Redefining \bmod on input line 904.
LaTeX Info: Redefining \pmod on input line 909.
LaTeX Info: Redefining \smash on input line 939.
LaTeX Info: Redefining \relbar on input line 969.
LaTeX Info: Redefining \Relbar on input line 970.
\c@MaxMatrixCols=\count296
\dotsspace@=\muskip17
\c@parentequation=\count297
\dspbrk@lvl=\count298
\tag@help=\toks21
\row@=\count299
\column@=\count300
\maxfields@=\count301
\andhelp@=\toks22
\eqnshift@=\dimen175
\alignsep@=\dimen176
\tagshift@=\dimen177
\tagwidth@=\dimen178
\totwidth@=\dimen179
\lineht@=\dimen180
\@envbody=\toks23
\multlinegap=\skip54
\multlinetaggap=\skip55
\mathdisplay@stack=\toks24
LaTeX Info: Redefining \[ on input line 2950.
LaTeX Info: Redefining \] on input line 2951.
) (c:/Users/ual-laptop/scoop/apps/tinytex/current/texmf-dist/tex/latex/amsfonts/amssymb.sty
Package: amssymb 2013/01/14 v3.01 AMS font symbols
 (c:/Users/ual-laptop/scoop/apps/tinytex/current/texmf-dist/tex/latex/amsfonts/amsfonts.sty
Package: amsfonts 2013/01/14 v3.01 Basic AMSFonts support
\symAMSa=\mathgroup4
\symAMSb=\mathgroup5
LaTeX Font Info:    Redeclaring math symbol \hbar on input line 98.
LaTeX Font Info:    Overwriting math alphabet `\mathfrak' in version `bold'
(Font)                  U/euf/m/n --> U/euf/b/n on input line 106.
)) (c:/Users/ual-laptop/scoop/apps/tinytex/current/texmf-dist/tex/latex/listings/listings.sty
\lst@mode=\count302
\lst@gtempboxa=\box57
\lst@token=\toks25
\lst@length=\count303
\lst@currlwidth=\dimen181
\lst@column=\count304
\lst@pos=\count305
\lst@lostspace=\dimen182
\lst@width=\dimen183
\lst@newlines=\count306
\lst@lineno=\count307
\lst@maxwidth=\dimen184
 (c:/Users/ual-laptop/scoop/apps/tinytex/current/texmf-dist/tex/latex/listings/lstpatch.sty
File: lstpatch.sty 2025/11/14 1.11b (Carsten Heinz)
) (c:/Users/ual-laptop/scoop/apps/tinytex/current/texmf-dist/tex/latex/listings/lstmisc.sty
File: lstmisc.sty 2025/11/14 1.11b (Carsten Heinz)
\c@lstnumber=\count308
\lst@skipnumbers=\count309
\lst@framebox=\box58
) (c:/Users/ual-laptop/scoop/apps/tinytex/current/texmf-dist/tex/latex/listings/listings.cfg
File: listings.cfg 2025/11/14 1.11b listings configuration
))
Package: listings 2025/11/14 1.11b (Carsten Heinz)

==> First Aid for listings.sty no longer applied!
    Expected:
        2024/09/23 1.10c (Carsten Heinz)
    but found:
        2025/11/14 1.11b (Carsten Heinz)
    so I'm assuming it got fixed.
(c:/Users/ual-laptop/scoop/apps/tinytex/current/texmf-dist/tex/latex/xcolor/xcolor.sty
Package: xcolor 2024/09/29 v3.02 LaTeX color extensions (UK)
 (c:/Users/ual-laptop/scoop/apps/tinytex/current/texmf-dist/tex/latex/graphics-cfg/color.cfg
File: color.cfg 2016/01/02 v1.6 sample color configuration
)
Package xcolor Info: Driver file: pdftex.def on input line 274.
 (c:/Users/ual-laptop/scoop/apps/tinytex/current/texmf-dist/tex/latex/graphics-def/pdftex.def
File: pdftex.def 2025/09/29 v1.2d Graphics/color driver for pdftex
) (c:/Users/ual-laptop/scoop/apps/tinytex/current/texmf-dist/tex/latex/graphics/mathcolor.ltx)
Package xcolor Info: Model `cmy' substituted by `cmy0' on input line 1349.
Package xcolor Info: Model `hsb' substituted by `rgb' on input line 1353.
Package xcolor Info: Model `RGB' extended on input line 1365.
Package xcolor Info: Model `HTML' substituted by `rgb' on input line 1367.
Package xcolor Info: Model `Hsb' substituted by `hsb' on input line 1368.
Package xcolor Info: Model `tHsb' substituted by `hsb' on input line 1369.
Package xcolor Info: Model `HSB' substituted by `hsb' on input line 1370.
Package xcolor Info: Model `Gray' substituted by `gray' on input line 1371.
Package xcolor Info: Model `wave' substituted by `hsb' on input line 1372.
) (c:/Users/ual-laptop/scoop/apps/tinytex/current/texmf-dist/tex/latex/hyperref/hyperref.sty
Package: hyperref 2026-01-29 v7.01p Hypertext links for LaTeX
 (c:/Users/ual-laptop/scoop/apps/tinytex/current/texmf-dist/tex/latex/kvsetkeys/kvsetkeys.sty
Package: kvsetkeys 2022-10-05 v1.19 Key value parser (HO)
) (c:/Users/ual-laptop/scoop/apps/tinytex/current/texmf-dist/tex/generic/kvdefinekeys/kvdefinekeys.sty
Package: kvdefinekeys 2019-12-19 v1.6 Define keys (HO)
) (c:/Users/ual-laptop/scoop/apps/tinytex/current/texmf-dist/tex/generic/pdfescape/pdfescape.sty
Package: pdfescape 2019/12/09 v1.15 Implements pdfTeX's escape features (HO)
 (c:/Users/ual-laptop/scoop/apps/tinytex/current/texmf-dist/tex/generic/ltxcmds/ltxcmds.sty
Package: ltxcmds 2023-12-04 v1.26 LaTeX kernel commands for general use (HO)
) (c:/Users/ual-laptop/scoop/apps/tinytex/current/texmf-dist/tex/generic/pdftexcmds/pdftexcmds.sty
Package: pdftexcmds 2020-06-27 v0.33 Utility functions of pdfTeX for LuaTeX (HO)
 (c:/Users/ual-laptop/scoop/apps/tinytex/current/texmf-dist/tex/generic/infwarerr/infwarerr.sty
Package: infwarerr 2019/12/03 v1.5 Providing info/warning/error messages (HO)
)
Package pdftexcmds Info: \pdf@primitive is available.
Package pdftexcmds Info: \pdf@ifprimitive is available.
Package pdftexcmds Info: \pdfdraftmode found.
)) (c:/Users/ual-laptop/scoop/apps/tinytex/current/texmf-dist/tex/latex/hycolor/hycolor.sty
Package: hycolor 2020-01-27 v1.10 Color options for hyperref/bookmark (HO)
) (c:/Users/ual-laptop/scoop/apps/tinytex/current/texmf-dist/tex/latex/hyperref/nameref.sty
Package: nameref 2026-01-29 v2.58 Cross-referencing by name of section
 (c:/Users/ual-laptop/scoop/apps/tinytex/current/texmf-dist/tex/latex/refcount/refcount.sty
Package: refcount 2019/12/15 v3.6 Data extraction from label references (HO)
) (c:/Users/ual-laptop/scoop/apps/tinytex/current/texmf-dist/tex/generic/gettitlestring/gettitlestring.sty
Package: gettitlestring 2019/12/15 v1.6 Cleanup title references (HO)
 (c:/Users/ual-laptop/scoop/apps/tinytex/current/texmf-dist/tex/latex/kvoptions/kvoptions.sty
Package: kvoptions 2022-06-15 v3.15 Key value format for package options (HO)
))
\c@section@level=\count310
) (c:/Users/ual-laptop/scoop/apps/tinytex/current/texmf-dist/tex/latex/etoolbox/etoolbox.sty
Package: etoolbox 2025/10/02 v2.5m e-TeX tools for LaTeX (JAW)
\etb@tempcnta=\count311
) (c:/Users/ual-laptop/scoop/apps/tinytex/current/texmf-dist/tex/generic/stringenc/stringenc.sty
Package: stringenc 2019/11/29 v1.12 Convert strings between diff. encodings (HO)
)
\@linkdim=\dimen185
\Hy@linkcounter=\count312
\Hy@pagecounter=\count313
 (c:/Users/ual-laptop/scoop/apps/tinytex/current/texmf-dist/tex/latex/hyperref/pd1enc.def
File: pd1enc.def 2026-01-29 v7.01p Hyperref: PDFDocEncoding definition (HO)
Now handling font encoding PD1 ...
... no UTF-8 mapping file for font encoding PD1
) (c:/Users/ual-laptop/scoop/apps/tinytex/current/texmf-dist/tex/generic/intcalc/intcalc.sty
Package: intcalc 2019/12/15 v1.3 Expandable calculations with integers (HO)
)
\Hy@SavedSpaceFactor=\count314
 (c:/Users/ual-laptop/scoop/apps/tinytex/current/texmf-dist/tex/latex/hyperref/puenc.def
File: puenc.def 2026-01-29 v7.01p Hyperref: PDF Unicode definition (HO)
Now handling font encoding PU ...
... no UTF-8 mapping file for font encoding PU
)
Package hyperref Info: Hyper figures OFF on input line 4201.
Package hyperref Info: Link nesting OFF on input line 4206.
Package hyperref Info: Hyper index ON on input line 4209.
Package hyperref Info: Plain pages OFF on input line 4216.
Package hyperref Info: Backreferencing OFF on input line 4221.
Package hyperref Info: Implicit mode ON; LaTeX internals redefined.
Package hyperref Info: Bookmarks ON on input line 4468.
\c@Hy@tempcnt=\count315
 (c:/Users/ual-laptop/scoop/apps/tinytex/current/texmf-dist/tex/latex/url/url.sty
\Urlmuskip=\muskip18
Package: url 2013/09/16  ver 3.4  Verb mode for urls, etc.
)
LaTeX Info: Redefining \url on input line 4807.
\XeTeXLinkMargin=\dimen186
 (c:/Users/ual-laptop/scoop/apps/tinytex/current/texmf-dist/tex/generic/bitset/bitset.sty
Package: bitset 2019/12/09 v1.3 Handle bit-vector datatype (HO)
 (c:/Users/ual-laptop/scoop/apps/tinytex/current/texmf-dist/tex/generic/bigintcalc/bigintcalc.sty
Package: bigintcalc 2019/12/15 v1.5 Expandable calculations on big integers (HO)
))
\Fld@menulength=\count316
\Field@Width=\dimen187
\Fld@charsize=\dimen188
Package hyperref Info: Hyper figures OFF on input line 6084.
Package hyperref Info: Link nesting OFF on input line 6089.
Package hyperref Info: Hyper index ON on input line 6092.
Package hyperref Info: backreferencing OFF on input line 6099.
Package hyperref Info: Link coloring OFF on input line 6104.
Package hyperref Info: Link coloring with OCG OFF on input line 6109.
Package hyperref Info: PDF/A mode OFF on input line 6114.
\Hy@abspage=\count317
\c@Item=\count318
\c@Hfootnote=\count319
)
Package hyperref Info: Driver (autodetected): hpdftex.
 (c:/Users/ual-laptop/scoop/apps/tinytex/current/texmf-dist/tex/latex/hyperref/hpdftex.def
File: hpdftex.def 2026-01-29 v7.01p Hyperref driver for pdfTeX
\Fld@listcount=\count320
\c@bookmark@seq@number=\count321
 (c:/Users/ual-laptop/scoop/apps/tinytex/current/texmf-dist/tex/latex/rerunfilecheck/rerunfilecheck.sty
Package: rerunfilecheck 2025-06-21 v1.11 Rerun checks for auxiliary files (HO)
 (c:/Users/ual-laptop/scoop/apps/tinytex/current/texmf-dist/tex/generic/uniquecounter/uniquecounter.sty
Package: uniquecounter 2019/12/15 v1.4 Provide unlimited unique counter (HO)
)
Package uniquecounter Info: New unique counter `rerunfilecheck' on input line 284.
)
\Hy@SectionHShift=\skip56
) (c:/Users/ual-laptop/scoop/apps/tinytex/current/texmf-dist/tex/latex/caption/caption.sty
Package: caption 2023/08/05 v3.6o Customizing captions (AR)
 (c:/Users/ual-laptop/scoop/apps/tinytex/current/texmf-dist/tex/latex/caption/caption3.sty
Package: caption3 2023/07/31 v2.4d caption3 kernel (AR)
\caption@tempdima=\dimen189
\captionmargin=\dimen190
\caption@leftmargin=\dimen191
\caption@rightmargin=\dimen192
\caption@width=\dimen193
\caption@indent=\dimen194
\caption@parindent=\dimen195
\caption@hangindent=\dimen196
Package caption Info: Standard document class detected.
)
\c@caption@flags=\count322
\c@continuedfloat=\count323
Package caption Info: hyperref package is loaded.
Package caption Info: listings package is loaded.
) (c:/Users/ual-laptop/scoop/apps/tinytex/current/texmf-dist/tex/latex/caption/subcaption.sty
Package: subcaption 2023/07/28 v1.6b Sub-captions (AR)
Package caption Info: New subtype `subfigure' on input line 238.
\c@subfigure=\count324
Package caption Info: New subtype `subtable' on input line 238.
\c@subtable=\count325
) (c:/Users/ual-laptop/scoop/apps/tinytex/current/texmf-dist/tex/latex/float/float.sty
Package: float 2001/11/08 v1.3d Float enhancements (AL)
\c@float@type=\count326
\float@exts=\toks26
\float@box=\box59
\@float@everytoks=\toks27
\@floatcapt=\box60
) (c:/Users/ual-laptop/scoop/apps/tinytex/current/texmf-dist/tex/latex/parskip/parskip.sty
Package: parskip 2021-03-14 v2.0h non-zero parskip adjustments
) (c:/Users/ual-laptop/scoop/apps/tinytex/current/texmf-dist/tex/latex/enumitem/enumitem.sty
Package: enumitem 2025/02/06 v3.11 Customized lists
\labelindent=\skip57
\enit@outerparindent=\dimen197
\enit@toks=\toks28
\enit@inbox=\box61
\enit@count@id=\count327
\enitdp@description=\count328
) (c:/Users/ual-laptop/scoop/apps/tinytex/current/texmf-dist/tex/latex/fancyhdr/fancyhdr.sty
Package: fancyhdr 2025/02/07 v5.2 Extensive control of page headers and footers
\f@nch@headwidth=\skip58
\f@nch@offset@elh=\skip59
\f@nch@offset@erh=\skip60
\f@nch@offset@olh=\skip61
\f@nch@offset@orh=\skip62
\f@nch@offset@elf=\skip63
\f@nch@offset@erf=\skip64
\f@nch@offset@olf=\skip65
\f@nch@offset@orf=\skip66
\f@nch@height=\skip67
\f@nch@footalignment=\skip68
\f@nch@widthL=\skip69
\f@nch@widthC=\skip70
\f@nch@widthR=\skip71
\@temptokenb=\toks29
) (c:/Users/ual-laptop/scoop/apps/tinytex/current/texmf-dist/tex/latex/graphics/graphicx.sty
Package: graphicx 2024/12/31 v1.2e Enhanced LaTeX Graphics (DPC,SPQR)
 (c:/Users/ual-laptop/scoop/apps/tinytex/current/texmf-dist/tex/latex/graphics/graphics.sty
Package: graphics 2024/08/06 v1.4g Standard LaTeX Graphics (DPC,SPQR)
 (c:/Users/ual-laptop/scoop/apps/tinytex/current/texmf-dist/tex/latex/graphics/trig.sty
Package: trig 2023/12/02 v1.11 sin cos tan (DPC)
) (c:/Users/ual-laptop/scoop/apps/tinytex/current/texmf-dist/tex/latex/graphics-cfg/graphics.cfg
File: graphics.cfg 2016/06/04 v1.11 sample graphics configuration
)
Package graphics Info: Driver file: pdftex.def on input line 106.
)
\Gin@req@height=\dimen198
\Gin@req@width=\dimen199
) (c:/Users/ual-laptop/scoop/apps/tinytex/current/texmf-dist/tex/latex/listings/lstlang1.sty
File: lstlang1.sty 2025/11/14 1.11b listings language file
) (c:/Users/ual-laptop/scoop/apps/tinytex/current/texmf-dist/tex/latex/listings/lstlang1.sty
File: lstlang1.sty 2025/11/14 1.11b listings language file
) (c:/Users/ual-laptop/scoop/apps/tinytex/current/texmf-dist/tex/latex/listings/lstmisc.sty
File: lstmisc.sty 2025/11/14 1.11b (Carsten Heinz)
) (c:/Users/ual-laptop/scoop/apps/tinytex/current/texmf-dist/tex/latex/l3backend/l3backend-pdftex.def
File: l3backend-pdftex.def 2025-10-09 L3 backend support: PDF output (pdfTeX)
\l__color_backend_stack_int=\count329
) (./hw4_report.aux)
\openout1 = `hw4_report.aux'.

LaTeX Font Info:    Checking defaults for OML/cmm/m/it on input line 274.
LaTeX Font Info:    ... okay on input line 274.
LaTeX Font Info:    Checking defaults for OMS/cmsy/m/n on input line 274.
LaTeX Font Info:    ... okay on input line 274.
LaTeX Font Info:    Checking defaults for OT1/cmr/m/n on input line 274.
LaTeX Font Info:    ... okay on input line 274.
LaTeX Font Info:    Checking defaults for T1/cmr/m/n on input line 274.
LaTeX Font Info:    ... okay on input line 274.
LaTeX Font Info:    Checking defaults for TS1/cmr/m/n on input line 274.
LaTeX Font Info:    ... okay on input line 274.
LaTeX Font Info:    Checking defaults for OMX/cmex/m/n on input line 274.
LaTeX Font Info:    ... okay on input line 274.
LaTeX Font Info:    Checking defaults for U/cmr/m/n on input line 274.
LaTeX Font Info:    ... okay on input line 274.
LaTeX Font Info:    Checking defaults for PD1/pdf/m/n on input line 274.
LaTeX Font Info:    ... okay on input line 274.
LaTeX Font Info:    Checking defaults for PU/pdf/m/n on input line 274.
LaTeX Font Info:    ... okay on input line 274.

*geometry* driver: auto-detecting
*geometry* detected driver: pdftex
*geometry* verbose mode - [ preamble ] result:
* driver: pdftex
* paper: letterpaper
* layout: <same size as paper>
* layoutoffset:(h,v)=(0.0pt,0.0pt)
* modes: 
* h-part:(L,W,R)=(72.26999pt, 469.75502pt, 72.26999pt)
* v-part:(T,H,B)=(72.26999pt, 650.43001pt, 72.26999pt)
* \paperwidth=614.295pt
* \paperheight=794.96999pt
* \textwidth=469.75502pt
* \textheight=650.43001pt
* \oddsidemargin=0.0pt
* \evensidemargin=0.0pt
* \topmargin=-39.0pt
* \headheight=14.0pt
* \headsep=25.0pt
* \topskip=11.0pt
* \footskip=30.0pt
* \marginparwidth=59.0pt
* \marginparsep=10.0pt
* \columnsep=10.0pt
* \skip\footins=10.0pt plus 4.0pt minus 2.0pt
* \hoffset=0.0pt
* \voffset=0.0pt
* \mag=1000
* \@twocolumnfalse
* \@twosidefalse
* \@mparswitchfalse
* \@reversemarginfalse
* (1in=72.27pt=25.4mm, 1cm=28.453pt)

\c@lstlisting=\count330
(c:/Users/ual-laptop/scoop/apps/tinytex/current/texmf-dist/tex/latex/epstopdf-pkg/epstopdf-base.sty
Package: epstopdf-base 2020-01-24 v2.11 Base part for package epstopdf
Package epstopdf-base Info: Redefining graphics rule for `.eps' on input line 485.
 (c:/Users/ual-laptop/scoop/apps/tinytex/current/texmf-dist/tex/latex/latexconfig/epstopdf-sys.cfg
File: epstopdf-sys.cfg 2010/07/13 v1.3 Configuration of (r)epstopdf for TeX Live
))
Package hyperref Info: Link coloring OFF on input line 274.
 (./hw4_report.out) (./hw4_report.out)
\@outlinefile=\write3
\openout3 = `hw4_report.out'.

Package caption Info: Begin \AtBeginDocument code.
Package caption Info: float package is loaded.
Package caption Info: End \AtBeginDocument code.
LaTeX Font Info:    Trying to load font information for U+msa on input line 298.
 (c:/Users/ual-laptop/scoop/apps/tinytex/current/texmf-dist/tex/latex/amsfonts/umsa.fd
File: umsa.fd 2013/01/14 v3.01 AMS symbols A
)
LaTeX Font Info:    Trying to load font information for U+msb on input line 298.
 (c:/Users/ual-laptop/scoop/apps/tinytex/current/texmf-dist/tex/latex/amsfonts/umsb.fd
File: umsb.fd 2013/01/14 v3.01 AMS symbols B
)
<../../../build_dir/Histogram_output/figures/fig_exp1_runs.pdf, id=32, 496.45412pt x 280.55064pt>
File: ../../../build_dir/Histogram_output/figures/fig_exp1_runs.pdf Graphic file (type pdf)
<use ../../../build_dir/Histogram_output/figures/fig_exp1_runs.pdf>
Package pdftex.def Info: ../../../build_dir/Histogram_output/figures/fig_exp1_runs.pdf  used on input line 399.
(pdftex.def)             Requested size: 225.4804pt x 127.42386pt.
<../../../build_dir/Histogram_output/figures/fig_exp1_bar.pdf, id=33, 496.51308pt x 281.87685pt>
File: ../../../build_dir/Histogram_output/figures/fig_exp1_bar.pdf Graphic file (type pdf)
<use ../../../build_dir/Histogram_output/figures/fig_exp1_bar.pdf>
Package pdftex.def Info: ../../../build_dir/Histogram_output/figures/fig_exp1_bar.pdf  used on input line 404.
(pdftex.def)             Requested size: 225.4804pt x 128.009pt.
<../../../build_dir/Histogram_output/figures/fig_exp1_speedup.pdf, id=34, 496.40143pt x 281.87685pt>
File: ../../../build_dir/Histogram_output/figures/fig_exp1_speedup.pdf Graphic file (type pdf)
<use ../../../build_dir/Histogram_output/figures/fig_exp1_speedup.pdf>
Package pdftex.def Info: ../../../build_dir/Histogram_output/figures/fig_exp1_speedup.pdf  used on input line 413.
(pdftex.def)             Requested size: 258.36668pt x 146.71443pt.
<../../../build_dir/Histogram_output/figures/fig_exp2_runs.pdf, id=35, 496.45412pt x 280.55064pt>
File: ../../../build_dir/Histogram_output/figures/fig_exp2_runs.pdf Graphic file (type pdf)
<use ../../../build_dir/Histogram_output/figures/fig_exp2_runs.pdf>
Package pdftex.def Info: ../../../build_dir/Histogram_output/figures/fig_exp2_runs.pdf  used on input line 487.
(pdftex.def)             Requested size: 225.4804pt x 127.42386pt.
<../../../build_dir/Histogram_output/figures/fig_exp2_bar.pdf, id=36, 496.51308pt x 281.87685pt>
File: ../../../build_dir/Histogram_output/figures/fig_exp2_bar.pdf Graphic file (type pdf)
<use ../../../build_dir/Histogram_output/figures/fig_exp2_bar.pdf>
Package pdftex.def Info: ../../../build_dir/Histogram_output/figures/fig_exp2_bar.pdf  used on input line 492.
(pdftex.def)             Requested size: 225.4804pt x 128.009pt.
<../../../build_dir/Histogram_output/figures/fig_exp2_speedup.pdf, id=37, 496.34056pt x 281.87685pt>
File: ../../../build_dir/Histogram_output/figures/fig_exp2_speedup.pdf Graphic file (type pdf)
<use ../../../build_dir/Histogram_output/figures/fig_exp2_speedup.pdf>
Package pdftex.def Info: ../../../build_dir/Histogram_output/figures/fig_exp2_speedup.pdf  used on input line 501.
(pdftex.def)             Requested size: 258.36668pt x 146.73595pt.
<../../../build_dir/Histogram_output/figures/fig_avg_comparison.pdf, id=38, 568.78311pt x 318.26778pt>
File: ../../../build_dir/Histogram_output/figures/fig_avg_comparison.pdf Graphic file (type pdf)
<use ../../../build_dir/Histogram_output/figures/fig_avg_comparison.pdf>
Package pdftex.def Info: ../../../build_dir/Histogram_output/figures/fig_avg_comparison.pdf  used on input line 508.
(pdftex.def)             Requested size: 305.33789pt x 170.85191pt.
 [1{c:/Users/ual-laptop/scoop/apps/tinytex/current/texmf-var/fonts/map/pdftex/updmap/pdftex.map}

] [2 <../../../build_dir/Histogram_output/figures/fig_exp1_runs.pdf> <../../../build_dir/Histogram_output/figures/fig_exp1_bar.pdf>] [3 <../../../build_dir/Histogram_output/figures/fig_exp1_speedup.pdf>] [4 <../../../build_dir/Histogram_output/figures/fig_exp2_runs.pdf> <../../../build_dir/Histogram_output/figures/fig_exp2_bar.pdf> <../../../build_dir/Histogram_output/figures/fig_exp2_speedup.pdf> <../../../build_dir/Histogram_output/figures/fig_avg_comparison.pdf>]

Package hyperref Warning: Token not allowed in a PDF string (Unicode):
(hyperref)                removing `math shift' on input line 574.


Package hyperref Warning: Token not allowed in a PDF string (Unicode):
(hyperref)                removing `math shift' on input line 574.

[5] [6]
<../../../build_dir/Histogram_output/figures/fig_v2_v3_ablation.pdf, id=542, 496.51308pt x 279.95416pt>
File: ../../../build_dir/Histogram_output/figures/fig_v2_v3_ablation.pdf Graphic file (type pdf)
<use ../../../build_dir/Histogram_output/figures/fig_v2_v3_ablation.pdf>
Package pdftex.def Info: ../../../build_dir/Histogram_output/figures/fig_v2_v3_ablation.pdf  used on input line 684.
(pdftex.def)             Requested size: 305.33789pt x 172.16437pt.
 [7 <../../../build_dir/Histogram_output/figures/fig_v2_v3_ablation.pdf>]
<../../../build_dir/Histogram_output/figures/fig_v5_gather_overhead.pdf, id=604, 496.5658pt x 281.35864pt>
File: ../../../build_dir/Histogram_output/figures/fig_v5_gather_overhead.pdf Graphic file (type pdf)
<use ../../../build_dir/Histogram_output/figures/fig_v5_gather_overhead.pdf>
Package pdftex.def Info: ../../../build_dir/Histogram_output/figures/fig_v5_gather_overhead.pdf  used on input line 768.
(pdftex.def)             Requested size: 281.85587pt x 159.70206pt.
 [8 <../../../build_dir/Histogram_output/figures/fig_v5_gather_overhead.pdf>] [9] [10] (./hw4_report.aux)
 ***********
LaTeX2e <2025-11-01>
L3 programming layer <2026-01-19>
 ***********


LaTeX Warning: Label(s) may have changed. Rerun to get cross-references right.

Package rerunfilecheck Info: File `hw4_report.out' has not changed.
(rerunfilecheck)             Checksum: 07BCE6D82561384F402041371E166B3C;1841.
 ) 
Here is how much of TeX's memory you used:
 14371 strings out of 469515
 232295 string characters out of 5467663
 854465 words of memory out of 5000000
 42811 multiletter control sequences out of 15000+600000
 637649 words of font info for 78 fonts, out of 8000000 for 9000
 14 hyphenation exceptions out of 8191
 75i,11n,79p,581b,560s stack positions out of 10000i,1000n,20000p,200000b,200000s

pdfTeX warning (dest): name{figure.caption.22} has been referenced but does not exist, replaced by a fixed one

 <c:/Users/ual-laptop/scoop/apps/tinytex/current/texmf-var/fonts/pk/ljfour/jknappen/ec/tcrm1095.600pk><c:/Users/ual-laptop/scoop/apps/tinytex/current/texmf-dist/fonts/type1/public/amsfonts/cm/cmbx10.pfb><c:/Users/ual-laptop/scoop/apps/tinytex/current/texmf-dist/fonts/type1/public/amsfonts/cm/cmbx12.pfb><c:/Users/ual-laptop/scoop/apps/tinytex/current/texmf-dist/fonts/type1/public/amsfonts/cm/cmmi10.pfb><c:/Users/ual-laptop/scoop/apps/tinytex/current/texmf-dist/fonts/type1/public/amsfonts/cm/cmr10.pfb><c:/Users/ual-laptop/scoop/apps/tinytex/current/texmf-dist/fonts/type1/public/amsfonts/cm/cmr12.pfb><c:/Users/ual-laptop/scoop/apps/tinytex/current/texmf-dist/fonts/type1/public/amsfonts/cm/cmr8.pfb><c:/Users/ual-laptop/scoop/apps/tinytex/current/texmf-dist/fonts/type1/public/amsfonts/cm/cmsy10.pfb><c:/Users/ual-laptop/scoop/apps/tinytex/current/texmf-dist/fonts/type1/public/amsfonts/cm/cmti10.pfb><c:/Users/ual-laptop/scoop/apps/tinytex/current/texmf-dist/fonts/type1/public/amsfonts/cm/cmtt10.pfb>
Output written on hw4_report.pdf (10 pages, 330656 bytes).
PDF statistics:
 740 PDF objects out of 1000 (max. 8388607)
 194 compressed objects within 2 object streams
 52 named destinations out of 1000 (max. 500000)
 102 words of extra memory for PDF output out of 10000 (max. 10000000)

